[2026-07-02T15:39:51.113Z] watchdog starting missed morning: npm run schedule:morning
> worldcup-moneylines@0.1.0 schedule:morning
> node scripts/schedule-run.mjs morning

Morning slate scheduled run success.
Run ledger: /Users/cashmcdearis/Documents/worldcup-moneylines/02-Markets/Deploy Logs/Scheduler Run Ledger.md
[2026-07-02T15:40:12.015Z] watchdog PASS morning exit=0
[2026-07-02T15:49:14.482Z] watchdog ok: no missing due windows
[2026-07-02T16:37:40.642Z] watchdog skipped: another run is active
[2026-07-02T16:55:10.819Z] watchdog skipped: another run is active
[2026-07-02T17:45:27.543Z] watchdog skipped: another run is active
[2026-07-02T18:00:27.983Z] watchdog ok: no missing due windows
[2026-07-02T18:15:28.435Z] watchdog skipped: another run is active
[2026-07-02T18:30:28.859Z] watchdog skipped: another run is active
[2026-07-02T18:45:29.427Z] watchdog skipped: another run is active
[2026-07-02T19:00:29.902Z] watchdog skipped: another run is active
[2026-07-02T19:24:54.129Z] watchdog skipped: another run is active
[2026-07-02T20:38:23.836Z] watchdog ok: no missing due windows
[2026-07-02T21:06:20.489Z] watchdog skipped: another run is active
[2026-07-02T22:12:40.035Z] watchdog skipped: another run is active
[2026-07-03T01:11:12.348Z] watchdog ok: no missing due windows
[2026-07-03T01:26:12.676Z] watchdog skipped: another run is active
[2026-07-03T01:41:13.111Z] watchdog skipped: another run is active
[2026-07-03T01:56:13.569Z] watchdog skipped: another run is active
[2026-07-03T03:15:55.492Z] watchdog ok: no missing due windows
[2026-07-03T07:51:14.630Z] watchdog ok: no missing due windows
[2026-07-03T13:26:45.097Z] watchdog starting missed morning: npm run schedule:morning
> worldcup-moneylines@0.1.0 schedule:morning
> node scripts/schedule-run.mjs morning

Morning slate scheduled run failed.
Run ledger: /Users/cashmcdearis/Documents/worldcup-moneylines/02-Markets/Deploy Logs/Scheduler Run Ledger.md
[2026-07-03T13:26:55.997Z] watchdog FAIL morning exit=1
[2026-07-03T16:57:23.650Z] watchdog starting missed morning: npm run schedule:morning
> worldcup-moneylines@0.1.0 schedule:morning
> node scripts/schedule-run.mjs morning

Morning slate scheduled run failed.
Run ledger: /Users/cashmcdearis/Documents/worldcup-moneylines/02-Markets/Deploy Logs/Scheduler Run Ledger.md
[2026-07-03T16:58:30.129Z] watchdog FAIL morning exit=1
[2026-07-03T17:31:21.170Z] watchdog skipped: another run is active
[2026-07-03T18:44:04.079Z] watchdog skipped: another run is active
[2026-07-03T22:01:29.448Z] watchdog starting missed morning: npm run schedule:morning
> worldcup-moneylines@0.1.0 schedule:morning
> node scripts/schedule-run.mjs morning

Morning slate scheduled run failed.
Run ledger: /Users/cashmcdearis/Documents/worldcup-moneylines/02-Markets/Deploy Logs/Scheduler Run Ledger.md
[2026-07-03T22:01:30.226Z] watchdog FAIL morning exit=1
[2026-07-03T22:35:40.231Z] watchdog skipped: another run is active
[2026-07-03T22:58:37.933Z] watchdog skipped: another run is active
[2026-07-04T00:29:02.189Z] watchdog starting missed morning: npm run schedule:morning
> worldcup-moneylines@0.1.0 schedule:morning
> node scripts/schedule-run.mjs morning

Morning slate scheduled run failed.
Run ledger: /Users/cashmcdearis/Documents/worldcup-moneylines/02-Markets/Deploy Logs/Scheduler Run Ledger.md
[2026-07-04T00:29:18.343Z] watchdog FAIL morning exit=1
[2026-07-04T02:51:21.519Z] watchdog starting missed morning: npm run schedule:morning
> worldcup-moneylines@0.1.0 schedule:morning
> node scripts/schedule-run.mjs morning

Morning slate scheduled run failed.
Run ledger: /Users/cashmcdearis/Documents/worldcup-moneylines/02-Markets/Deploy Logs/Scheduler Run Ledger.md
[2026-07-04T02:51:43.539Z] watchdog FAIL morning exit=1
[2026-07-04T05:07:05.246Z] watchdog ok: no missing due windows
[2026-07-04T06:27:14.180Z] watchdog skipped: another run is active
[2026-07-04T06:52:26.578Z] watchdog skipped: another run is active
[2026-07-04T07:54:06.409Z] watchdog ok: no missing due windows
[2026-07-04T08:36:48.590Z] watchdog skipped: another run is active
